# Sequences target conformation UUURRULURRDDDDDLLUURD
# Starting with sequence EWMNFIWHKHDRAAWDWRWFIM without disulfides
EWMKFIWHKKDRAAWDWRWFIM
EWMNFIWHKGDRAAWDWRWFIM
EWMGFIWHKHDRAAWDWRWWIM
EWMNFIWHKHDRAAWDWRWFIM
EWMAFIWHKHDRAAWDWRWFIM
EWMNFIWHQHDRAAWDWRWFIM
EWMNFIWHKHKRAAWDWRWFIM
EWMNFIWHKHDRAAWDWRWFIM
EWMNFIWAKHDRAAPDWRWFIM
EYMNFIWHCHDRAAWDWRWWIM
EWMNFIWHKHDRAAWDWRWFIM
EWMNFIWHKTDRAAWDWRWFIM
EWMNFIWHKHSRAAWDWRWFIM
EWMSFIWHKHDRAAWEWRWIIM
EWMNFIWHKHNRAAWSWRWFIM
EWMNFIWHKHERAAWDWRWFIM
EWMNFIWHKHDRAWWDWRWFIM
EAMNFLWHKHDRAAWDWRWFIM
EWMNFIWHKHDRAAWDWRWFIM
EWMNFIYEKHDRAAWDWRWFIM
EWMNFIWCCPDRAAWDWRWFIM
EWMNFIWHTHDRAAWCWRWFIM
EWMNFIWHRHDRAAWDWRWFIM
EWMSFIWHKPDRAAWDWRMFIM
EWMNFIWMKHDRAAWRWRWFIM
TWMNFIWHKSKRAVWDWRFFIM
EWMNFIWGCHDRAAWQWRWFIM
EWMNFIWHGHDPAAWDWRWFIM
EWMNFIWHKHDRAAWGWRWFIM
EWMNFIWHKHDRAAWDWRWFIM
EWMNFIWNKHDPAAWDWRWFIM
EWMNFIWHKHDGAAWDWRWFIM
EVMNFIWHKHDRAAWDWRWFIM
EWMNFIWHEHDRAAWDWRWFIM
EWMNFIEHKHDRAAWDWRWFIM
EWMNFIHHKHDRAAWDWRWFIM
EWMNFIWHKHDRAAWDWRWFIM
EWMNFIWHKHQRAAWSWRWFIM
EWMNFIYHKRDRAAWDWRWFIM
TWMSFIWHKHDRAAWDWRWFIM
EMMNFIWLKHDRAAWDWRWFIM
EWMNFIWHKHDRAAWDWRWFIM
EWMNFIWHKTDRAAWDWRWFIM
EWMNFIWHKHDRALWDWRWFIM
EWMNFIWHKHDRAAWDWRWFIM
EYMNFIWHKHDRAAWDWRWFIM
EWMGFIWHKHDRAAWGWRWFIM
EWMNFIWHKHNRAAWDWRWFIM
QWMNFIWHKHDRAAWDWRWFIM
EWMNFIWHKHDRAAWDWRWFVM
EWMAFIWHKHDRAAWDWRWFIM
EWMNFIWHKGDRAAWDWRWFIM
DIMNFIWYKHDRAAWDWRWFIM
EHMNFIWGKHDRAAWDWRWFIM
EVMQFIWHKEDRAAWDWRWFIM
EWMNFIWHKPDRAIWDWRWFIM
EWMNFIWHKEDRAAWDWRWFIM
EWMNFIWHKHDRAWWDWRWFIM
EWMNFIWHKHDRAAWGWRWFIM
EWMNFIWHDHDRAAWDWRWFIM
EMMTFIWHKHDRAAWDWRWFIM
EYMKFIWHKHDRALWDWRWFIM
EVMEFIWHKHDRAAWDWRWFIM
EWMNFIWHKHDRAAWHWRWFIM
EIMDFIWHKHDRAVWDWRWFIM
EWMSFIWHKHKRAAWDWRWFIM
EWMDFIWWKHDRAAWDWRWFIM
EWMNFIWHKHDHAYWDWRWFIM
EWMNFIWHKDDRAAWDWRWFIM
EWMNFIWHTHDRAAWDWRWFIM
EWMNFIWHKGDRAAWDWRWFIM
EWMNFIWVKHDRAAWKWRWFIM
EWMNFIWHSHDRAAWDWRWFIM
EHMNFIWHDHDRAVWDWRWFIM
EWMQFIWDKHDRAAWDWRWFIM
EWMAFVWHKHDRAAWDWRFFIM
EWMEFIWHEHDRAAWQWRWFIM
EWMNFIWVKHDRAAWDWRWFIM
EWMNFIWHKHDRAAWGWRWFIM
EWMNFIHHKHDRAAWDWRWFIM
EWMNFIWHGHDRAAWDWRWFIM
EWMNFIWHKHRRAAWDWRWFIM
EWMPFIWYKHCRAAWDWRWFIM
EWMNFIWHKHRRAAWDWRWFIM
EWMNFIYCKHDRAAWDWRWFIM
EWMNFIWHKHDRAAWDWRWFIM
EWMNFIWHKDCRAAPDWRWFIM
EWMPFIWHKHDRAAWDWRWFIM
EWMEFIWYKHDRAAWDWRWFIM
EPMQFIWHKNDRAAWDWRWFIM
EWMNFIWHRHDRAAWDWRWFIM
EWMNFIYCKHDRAAWDWRIFIM
EWMSFIWHKHDRAAWPWRWFIM
EWMNFIWPKHDRAAWDWRWFIM
EWMNFIWHKHDRAAWDWRWFIM
EWMNFIWHKHDRAAPDWRWFIM
EWMNFIWEKRDRAAWQWRWFIM
EWMNFIWHKHDRAAWDWRWFIM
EWMNFIWGKHDRAAWDWRWFIM
EWMGFIWHKEDRAAWDWRWFIM
EWMNFIWNKHDRAAWDWRWFIM
EWMNFIWHKHDQAAWDWRWFIM
EWMNFIWHKHDRAAWQWRWFIM
EWMNFIWHKHDRAAWDWRWFVM
EWMTFIWHKHDRAAWDWRWFIM
EWMNFIWHKHCRAAWDWRWFIM
EWMRFIWHKPDRAAWDWRWFIM
EWMNFIWHKHDRAAWNWRWFIM
EWMNFIWHKHDRAAWDWRWFIM
EWMGFIWHKHDRAAWDWRFFIM
EAMNFIWHKHDRAAWCWRWFIM
EWMNFIWHTHDRAAWDWRWFIM
EWMNFIWHNHDRAAWDWRWFIM
EIMNFIWHKHDRAAWDWRWFIM
EWMNFIWHKHDRAAWEWRWFIM
EWMNFIWSKHDRAAWDWRWFIM
EWMNFIWHKPDRAAWDWRWFIM
EWMNFIWHKHDRAAWDWRWFIM
EWMNFIWHKTDRAAWDWRWFIM
EWMNFIWLKHDHAAWDWRWFIM
EWMGFIWHKHDRAAWDWRWFIM
EWMNFIWCKHDRAAWTWRWFIM
EWMNFIWHKHDRAAWHWRWFIM
EWMNFIWHKHDRAAWSWRWFIM
EPMNFIWHKHDPAAWNWRWFIM
EWMNFIWHKHDRAAWDWRWFVM
EWMNFIWHKGDRAAWDWRWFIM
ELMNFIWHKHDRAYWDWRWFIM
QWMNFIWHRHDRAAWDWRWFIM
EWMPFIWHKHDRALWDWRWFIM
EWMNFIWHKADRAAWDWRWFIM
EWMNFIWHKHDRAAWDWRWFIM
EWMNFIYYCHDRAAWDWRWFIM
EWMNFIWHKHDRAAWDWRFFIM
EWMNFIWHKHNRAAWDWRWFIM
EWMNFIWTKHDRAAWDWRWFIM
EWMEFIWHKHDRAAWDWRWFIM
EWMTFIWAKRDRAIWDWRWFIM
EWMCFIWHKHDRALWDWRWFIM
EWMNFIWHKHDRAAWDWRWFIM
EWMTFIWYKHDRAAWDWRWFIM
EWMNFIWCKDDRAAWDWRWFIM
EIMEFIWCKHDRAAWDWRWFIM
EWMNFIWHKGDRAAWDWRWFIM
EWMNFIWHPHDRAAWDWRWFIM
EWMEFIWHKPDRAAWDWRWFIM
EWMNFIWLKHDRAAWDWRWFIM
EMMNFIWHKHDRAAWDWRWIIM
EWMNFIWHKHDRAAWDWRMFIM
EWMNFIWHKHDRAAWDWRWFIM
EWMNFIWHKQDRAAWDWRWFIM
EWMQFIWHEHDRAAWCWRWFIM
EHMNFIWHKHDRAAWDWRWFIM
EWMNFIWHKNERAAWDWRWFIM
EWMNFIWHKQDRAAWDWRWFIM
EWMDFIWHKNKHAAWDWRWFIM
EWMNFIWHGHDRAAWDWRWFIM
EWMNFIWHKPDRAAWDWRMFIM
EWMNFIWHTHKRAAWDWRWFIM
EWMNFIWHKHDRAAWDWRWFIM
EWMNFIWHQHDRAAWDWRWFIM
EWMNFIWHKHDRAAWPWRWFIM
EWMNFIWHKHDRAAWDWRWFVM
EWMNFIWHKHDRAAWDWRWFIM
EWMNFIWHKHDRAAWDWRIFIM
EWMNFIWHKHDRAAWDWRWFIM
EWMNFIWHKHDRAAWDWRWFIM
EWMPFIWHKHDHAAPDWRWFIM
EWMNFIWHKTDRAAWQWRWFIM
EWMNFIWHKHDQAAWDWRWFIM
EWMTFIWHCHDRAAWRWRWFIM
EWMNFIWHKHDRAAWPWRWFIM
EWMEFIWHKHDGAVWEWRWFIM
EWMNFIWHTHDRAAWDWRWFIM
QWMDFIWHKHDRAYWDWRFFIM
EWMNFIWHKHDGAAWDWRWFIM
EWMNFIWAKSCRAAWDWRWFIM
EMMNFIWHKHDRAAWEWRWFIM
EAMNFIWHGHDRAAWCWRIFIM
TWMNFIWHKHDRAAWDWRWFIM
EWMNFIWHKHDRALWDWRWFIM
DWMNFIWHKHRRAAWDWRWFIM
EWMSFIWHKHDQAAWDWRWFIM
EYMNFIWDKHDPAAWDWRWFIM
EWMNFIWHKADRAAWDWRWFIM
EIMNFIWHKHDRAVWDWRWFIM
EWMNFIWHKHCRAAWDWRWFIM
DWMNFIWHKHDRAAWDWRWFVM
EWMCFIWAKHDRAAWDWRWFIM
EWMNFIWHKHDRAAWDWRWFIM
EPMKFIWHKHDHAAWDWRWFIM
EVMNFIWEKRDRAAWKWRWFIM
EWMDFLWHKHDRAAWDWRWFIM
EWMNFIWHKEKRAAWDWRWFIM
EWMGFIWHKHDRAAWDPRIFIM
EWMRFIWHKHDRAAWDWRWFIM
EWMNFIWHKCKRAAWDWRWFIM
EWMEFIWHKHDRAAWDWRWFIM
EWMNFIWHKHDQAAWEWRWFIM
EWMNFIHHKHDRAAWDWRWFIM
EWMNFIWHKQDRAAWKWRWFIM
EWMNFIWHKDDRAAWRWRWFIM
EWMNFIWHTHDRAAWDWRWFIM
EFMNFIYHQHDRAAWDWRWFIM
EWMNFIWHKPDRAAWDWRWFIM
EWMNFIWHKTDRAAWDWRWFIM
EWMEFIWHKHDRAAWDWRWFLM
EWMNFLWHKHDRAAWDWRWFIM
EWMNFIEHKHDRAAWDWRWFIM
EWMNFIWHKHDPAYWDWRWFIM
EWMNFIWHKHDRAAWDWRWFVM
EWMDFIWSKHDRAAWDWRFFIM
EWMNFIWYKHDRAAPDWRWFIM
ELMNFIWHKHDRAYWDWRWFIM
EWMCFIWPKHDRAAWAWRWFIM
EWMCFIWYKHDRAAWDWRWFLM
EWMNFIWMKHDRAAWDWRWFIM
EWMNFIWHKHDRAAWDWRWFIM
EWMQFIWHKHDRAAWDWRWFIM
EYMNFIWCKHDRAAWDWRWFIM
EWMNFIWHKHDNAAWDWRWFIM
EWMNFIWHKHDRAVWSWRWFIM
EWMNFIWHKHDRAAWDWRWIIM
EWMNFIWHKHDRAAWDWRWFLM
EWMNFIWAKHDRAAWDWRWFIM
EMMNFIWHKHDRAAWDWRWFIM
EWMDFIWNKHDRAAWDWRWFIM
EWMNFIWDKHDRAAWNWRWFIM
EWMNFIWHKHDNAAWDWRWFIM
EWMNFIWHKEDRAAWDWRWFIM
EWMNFIWHKHQRAAWDWRWFIM
EWMNFIWHKHDRAAWDWRMFIM
EWMPFIWHKHDRAAWDWRWFLM
EWMDFIWWKHDRAAWDWRWFIM
EWMTFIYHKHDRAAWNWRWFIM
EWMNFIWDKHKRAAWDWRWFIM
EWMNFIWHKHDRAAWRWRWFIM
EWMNFIWHKHDRAAWDWRWFIM
EWMNFIWDKHDRAAWDWRWFIM
EWMGFIWHKNDRAAWDWRWFIM
EWMNFIWHDHRRAAWKWRWFIM
EWMGFIWHKHSRAAWDWRWFIM
EWMNFIEHKHDRALWDWRWFIM
EWMKFIWHRHDRAAWQWRWFIM
EWMNFIWHKHDPAAWDWRWFLM
EWMNFIWHKHDRAAWQPRWFIM
EWMQFIWPKHDRAAWDWRWFIM
DWMNFIWEKHDRAAWDWRWFIM
EWMGFIWHKHDRAAWDWRWFIM
EHMEFIWCKHDRAAWDWRWFIM
EPMNFIWHKHDRAAWDWRWFIM
EWMNFIWAKHDHAAWDWRFFIM
EWMNFIWHKHQRAAWSWRWFIM
EWMPFIWHKHDRAAWDWRWFIM
EWMNFIWHKHDRAAWDWRWWIM
EWMNFIWHKHDPAAWDWRWFIM
EWMNFIWHKHDRAAWDWRMFIM
EWMNFIWHKRDRAAWDWRWFIM
EWMNFIWHKHDRAAWDWRWFIM
EWMNFIWHKHDRAAWQWRMFIM
EAMNFIWHKHDRAAWDWRWFIM
EWMNFIWHKHKRAAWHWRWFIM
ERMNFIWHKHDRAAWDWRWFIM
EWMQFIWHKHDRAAWEWRWFIM
EWMNFIWHKHDQAAWDWRWFIM
EWMNFIWHKHDRAAWGWRWFIM
EWMAFIWHCHDRAAWDWRWFIM
EWMSFIWHSHDRAAWEWRWFIM
EWMNFIWHKHDRAAWDWRWFIM
EWMNFIYGKHDRAAWDWRWFIM
EWMKFIWAKHDRAAWDWRIFIM
EWMNFIWHKQKRAAWDWRWFIM
EWMNFIWCKHDRAAWDWRWFIM
EWMNFIWHCHDRAAWDWRWFIM
EWMSFIHHKHDRAAWDWRWFIM
EWMNFIWHDHDNAVWDWRWFIM
YWMNFIWHKHCRAAWDWYWFIM
EWMAFIWHKHDRAAWDWRWFIM
EWMNFIWHKHKRAAWDWRWFIM
EWMNFIWHKADRAAWDWRWFIM
EWMNFLWHKHDRAAPDWRWFIM
ELMNFIWHKHDRALWSWRWFIM
EWMNFIWQKHKRAAWDWRWFIM
EWMNFIWTKHDRAAWNWRWFIM
EWMNFIWHNHDRAAWDWRWFIM
EWMNFIWHKHDRAAWDWRWFIM
EWMSFIWHKHDRAAWDWRWFIM
EWMNFIWHKHDRAWWDWRWFIM
EWMNFIWYKHDRAAWDWRWFIM
EWMNFIWEKHDRAAWDWRWFIM
EWMNFIWHKHDRAAWDWRWFIM
EWMNFIWHKHDRAAWDWRWFIM
EWMNFLWHKHCRAAWDWRWFIM
EWMNFIWHKHDRAAWDWRWFIM
EWMNFLWHNHDRAAWDWRWFIM
EWMNFIWHKHDRAAWDWRWFIM
EWMNFIWHKHDRAAWDWRWFVM
EWMNFIWHCDDRAAWDWRWFIM
EWMNFIWHKADRAAWDWRWFIM
EWMSFIWHKHDRAAWNWRMFIM
EIMNFIWHCHDRAAWDWRWFIM
EFMSFIWHKHDRAAWDWRWFIM
EWMNFIWHKQDRAAWCWRWFIM
EWMDFIEHKHDRAWWDWRWFIM
EWMNFIWTKHDRAAWDWRWFIM
EWMNFIWHKHDRAVWPWRWFIM
EYMNFIWHKHDRAAWDWRWFIM
EWMNFIWHKNDRAAWDWRWFIM
EWMNFIWHKHNRAAWDWRWFIM
EWMSFIWHKHDRAAWDWRWFIM
EWMNFIWHDHCRAAWDWHWFIM
EWMNFIWNKHDRAAWDWRWFIM
EWMNFIYHKHDRAAWDWRWFIM
EWMPFIWHKHDRAAWDWRWFIM
EWMNFIWHKQDRAAWDWRWFIM
ELMNFIWHKHDRAAWDWRWFIM
EWMNFIWHEHDRAAWDWRWFIM
EWMNFIWHDHDRAAWDWRWIIM
EWMNFIWHKHDRAAWDWRWFIM
EWMNFIWNKHDRAAWDWRWFIM
EWMNFIWHKADRAAWKWRWFIM
EWMNFIWHKHDRAAWDWRWFIM
EWMNFIWHCHDQAAWDWRWFIM
EWMNFIWHKGDRAAWDWRWFIM
EWMSFIWHKHDRAAWDWRWFIM
EWMNFIWHDHDRAIWDWRWFIM
EWMNFIWHNHDRAAWEWRWFIM
EFMNFIWHKHDRAAWDWRWFIM
EFMNFIWHCHDRAAWDWRWFIM
EWMNFIWHKTQRAAWDWRWFIM
EWMNFIWHKHKQAAWQWRWFIM
EWMNFIWHKHERAAWDWRWFIM
EWMNFIWHKHQRAAWDWHWFIM
EWMNFIWHCHDRAAWNWRWFIM
EWMNFIWVKHDRAAWDWRWFIM
EWMAFIWHKHDRAAWDWRWFIM
EWMNFIWHKHDRAAWQWRWFIM
DYMPFIWMKHDRAAWDWRWFIM
EWMGFIYHKHDRAWWDWRWFIM
EWMNFIWANHDHAAWDWRWFIM
EWMNFIWRKHCRAAWDWRWFIM
EFMNFIWHKHDRAAWDWRWFIM
EWMNFIWHKHDRAAWDWRWFIM
EWMNFIWHKHDRAAWHWRWFIM
EYMNFIWCQHDRAAWDWRWFIM
EWMNFIWACHDRAAWDWRWFIM
EWMNFIWYSHDRAAWDWRWFIM
EWMNFIWNKHDRAAWDWRWFIM
EWMNFIWHKHDRAAWDWHWFIM
EWMNFIWEKHQRAAWDWRWFIM
EMMNFIWHRHDRAAWDWRWFIM
DWMNFIWHKYDHAVWDWRWFIM
EWMNFIWHDHDRAAWSWRWFIM
EWMSFIWHKPDRAAWKWRWFIM
EWMNFIWHKHDRAAWPWRIFIM
TWMNFIWHKHDRAAWDWRWFIM
EWMNFIWGKHDRAAWQWRWFIM
EWMNFIYNKHDRAAWDWRWFIM
EWMNFIWPKHDRAYWDWRWFIM
EWMNFIYMKHDPAAWDWRWFIM
ELMNFIWHKHDRAAWNWRWFIM
EWMNFIWPKHDRAAWDWRWFIM
EWMNFIHHKHDRAAWDWRWFIM
ELMPFIWHKHDRAAWDWRWFIM
EWMNFIWHGHDRAAWDWRWFIM
EWMNFIWHKHDRAAWDWRWFIM
EWMNFIWHKHDHAAWDWRWFIM
DWMNFIWGKHDRAAWNWRWFIM
EWMCFIWHKHDRAAWDWRWFIM
EWMNFIHHKHDRAAWDWRWFIM
EWMNFIWHKHDRAAWDWRWFVM
EFMNFIWHKHDRAAWDWRWFIM
EWMNFIWHKADRAAWDWRWFIM
EWMNFIWHKTDRAAWDWRWFIM
EWMNFIWHKHDRAAWDWRWFIM
EWMNFIWHKHDRAAWDWRWFIM
EWMNFIYHKHERAAWDWRWFIM
EWMEFIWHKHDRAAWPWRWFIM
EWMNFIWLKHDRAAWDWRWFIM
EWMTFIWHKHDRAAWDWRWFIM
EWMNFIWHKHDHAAWDWRWFIM
ELMNFIWHKHDRAAWDWRWFIM
EWMNFIWHKHERAAWDWRWFIM
EYMNFIWHKHDQAAWNWRWFIM
EWMNFIWHKHCRAAWDWRWFIM
EWMQFIWHRHDRAAWDWRWFIM
EAMNFIWHKHDRAVWEWRWFIM
EYMNFIWHCGDRAAWDWRWFIM
EWMNFIWHKHDRALWDWRWFIM
EWMNFIWEKHDRAAWDWRWFIM
EWMNFIWHKHNRAAWDWHWWIM
EWMNFIWHKEDRAAWDWRWFIM
ELMNFIWHKHDRAAWDWRWFIM
EWMNFIWHKHDDAVWCWRWFIM
EWMNFIWHKHQRAAWDWRWFIM
EMMNFIWHKHKRAAWDWRWFIM
EWMNFIWTKHDRAAWQWRWFIM
QWMEFIWHEHDRAAWDWRFFIM
EWMNFIWDKHDRAAWDWRWFIM
EWMNFIWAKHDRAAWDWRWFIM
EWMNFIWHKHRRAAWDWRFFIM
EMMNFIWAKHDRAVWDWRWFIM
EPMNFIWHKHDRAAWDWRWFIM
EWMNFLWHKHDRAAWDWRWFIM
EWMNFIWHKHRRAAWDWRWFIM
EWMNFIWHKHDNAAWDWRWFIM
EWMNFIWHKHDRAAWPWRWFIM
DWMNFIWHKQDRAAWDWRFFIM
EWMNFIWHEHDRAAWDWRWFIM
DWMNFIWHKHDPAASDPRWFIM
EWMNFIYMKHDRAAWDWRWFIM
EWMNFIWHQHDRAAWDWRWFIM
EWMNFIWHKHDRAYWDWRWFLM
EWMNFIWHKHDRAAWDWHWFIM
EFMNFIWHKHDRAAWDWRWFIM
EWMNMIWYKHDAAVWDPRWWIM
EWMNFIWHPHDPAAWDWRWFIM
DWMNFLWHKHDRAAWDWRWFIM
EWMNFIWHDNDRAAWDWRWFIM
EVMQFIWHKHDRAAWDWRWFVM
EMMNFIWHKQDRAAWDWRWFIM
EFMNFIWHKHDRAAWDWRWFIM
EWMSFIWHKTCRAAWDWRFFIM
EAMNFIWHKHDRAAWKWRFFIM
EWMAFIWHKHCRAAWKWRWFIM
EWMNFIWEKHDRAAWRWRWFIM
EIMNFIWHKHDRAAWDWHWFIM
EWMNFIWCNHDRAAWDWRWFIM
EWMNFIWHKQDRAAWDWRWIIM
EWMNFFYHKHDRAAWDWRWFIM
EWMSFIWAKHDHAAWDWRIFIM
EWMNFIWHKRQRAAWDWRIFIM
EWMNFIWHKHDRAIWDWRWFIM
EWMNFIWHKHDRAAWHWRWFIM
EWMKFIWEKHKRAAWDWRWFIM
EWMNFIWAKHDRAAWDWRWFVM
EWMNFIWHKGDRAAWDWRWFIM
EWMNFIWHKHDHAIWDWRWFIM
DWMEFIWHKHSRAAWDWRWFIM
EWMNFIWHKHERAAWDWRWFIM
EWMGFIWHKHDRAAPKWRWFIM
EWMNFIWHKHDRAAWDWRMFIM
EYMGFIWHNHDRAAWDWRWFIM
EWMNFIWHKHDRAAWDWRWFIM
EWMNFIWHKHDRAAYCWRWFIM
EWMNFIWHKHCRAWWDWRIFIM
EWMNFIWHDHNRAAWDWRWFIM
EWMNFIWARNDRAAWDWRWFIM
EWMQFIWHKHDRAIWDWRWFIM
DWMNFIWHKHCRAAWPWRWFIM
EWMNFIWCCHDRAAWDWRWFIM
EWMNFIHHKDDRAAWDWRWFIM
EWMDFIYHKHDRAAWDWRWIIM
EWMCFLWHKHDRAAWSWRWFIM
EVMGFIWVKHDRAYWCWRWFIM
EWMAFIWHKHDRAAWDWRWFIM
EWMAFIWHKHDRAAWDWRWFIM
EWMNFIWHKHQRAAWDWRWFIM
EWMNFIWHKHDRAAWDWRWFIM
EWMNFIWYKHDRAAWDWRWFIM
EVMCFIWHKNDRAAWDWRWFIM
EWMTFIWHKHDRAAWDWRWIIM
EPMNFIWHKHDRAAWDWRWFIM
EWMNFLWHNHDRAAWDWRWFIM
EWMNFIWHKHDRAAWDWRWFIM
EWMNFIWHEHDHAAWDWRFFIM
EWMNFIWCKHDRAAWGWRWFIM
EWMNFIWHKHDRAAWDWRWFIM
EWMNFIWHKHDRAAWDWRWFIM
EWMNFIWHKHDRAAWDWRWWIM
ERMNFIWHKHDRAAWDWRWFIM
EWMNFIWHKPDRAAWQWRWFIM
EWMNFIWHKHDHAAWDWRWFIM
EWMGFIYHKEDPAAWDWRWFIM
EHMNFIWHKHDRAAWDWRWFIM
EWMNFIWHKHDRAIWDWRWFIM
EWMNFIWAKHDRAAWDWRWFIM
EWMGFIWHKHDRAAWDWRWFIM
DWMNFIWHKHDRAAWDWRWFIM
EWMNFIWCKHDRAAWDWRWFIM
EWMPFIWHKHDRAAWDWRWFIM
EWMNFIWHKHDRAAWDWRWFIM
EWMSFIWHKHDRAAWDWRWFIM
EWMNFIWHKHDRAAWDWRWFVM
EWMNFIWHSHDRAAWDWRWFIM
EWMSFIWHKHDRAAWDWRWFIM
EWMKFIWVKHCRAAWNWRWFIM
EWMNFIWHNHDRAAWDWRWFIM
EWMAFIWHKHDRAAWCWRWFIM
EWMNFIWHKHDRAAWDWRWFVM
EWMGFIWHKHNRAAWDWRWFIM
EMMNFIWHKHDRAAWDWRWFIM
DWMCFIWHKHDRAAWEWRWIIM
EWMNFIWHKHDRAAGDPRWFIM
EWMAFIWHKHDRAAWDWRWFIM
EWMNFIYHKHDRAAYDWRWFIM
EWMEFIWHKHDRAAWDWRWFIM
EWMNFIWTKHDRAAWDWRFFIM
EWMNFIWCKHDRAAWDWRWFIM
QWMNFIWHKHDRAAWDWRWFIM
# Starting with sequence EWMNFCWHKHDRCAWDWRWFIM with disulfides
SLMNFCWHRNDRCARDWSWFIM
ETHNFCWHSFLRCQWDWRWFIM
SWMNFCWHTHDECTWDWRWFIM
EPMNFCWHKVPECAWSWTWFSM
AWMNFCWHGYSPCAFDWDWFIM
EWMHFCWHKADRCAWDWIWLIM
ESMNFCWHKHDRCAWDWRWFIM
EWMNFCWHKHDRCAWDWMWFIM
EFMNACWTKHDRCAQDWRWFIM
PWMNMCWHKHDDCAWDWRWFIM
EWHEFCSHKHDDCAWDWRWFGM
VWMNFCTHGHDCCAWDWRLFIM
EWMNFCWHDHDRCAWKWQVFIM
EWMNECWHKHDRCDWDIRWFIM
EKMNFCWDDIKPCAWDARWFIM
ESMNICYSKHDRCAWDWRIFIM
EAMNFCNHKHDRCAVAWRWFIM
EWMNECDHKHDRCAWDWRWFIM
TIMNFCWHKHTRCADDWRWFIM
EWMPFCIHKHDRCYWDWRFFDM
EWTNFCWHKHDYCAWDWRWFIM
EWMAFCWHKHYRCWWDWRWFIM
EWMNFCWHKGDCCAWDWRWFIM
ETMNFCWHVHPNCAWDPRWFIM
EWMVFCWHKHDRCAWDWRWFIM
VRMNFCFHKKDRCAWDGPWFIM
DWFNFCTHKHDRCAYDWRFFIM
EWMNFCWKKQHICAQDWRWFIM
EWMKFCWHKRDRCAWDYQWFIM
EWMNFCSHDNDQCRLDWRWFPM
EWMNFCWHKHDQCALPWRWFIM
EWRNFCWHKHDVCTWDWRWFIM
EWMNECWHKHDRCAWDWRWVIM
HVMNTCMHKTPNCHWDLRFFIM
TVMNFCWHKHDVCAWDWGWIIM
IRMNFCRLNHDRCAWDWRWFIM
EWMPFCWHLHDVCAWKWSWFIM
ELMNFCWHHHDRCAWDIRWFDM
EGHNECWHHHDRCASNWRWFIM
EWMNFCWHYIIDCAWDWRWFIM
EWMNICDHKHDCCAWYWRWFLM
EWMNFCWHKHDRCAVDWAWFAM
EWMNFCWLPHDRCAWDWRWFIM
ETMNACIHKEDRCAWDWAWFIM
EIMNFCWHKHVRCNWDWRFFTM
EWMSLCWRKHDECHWSWRWFTM
SWVNFCWHNTKQCRWDWRWFIM
EWMNWCTHKHDRCAWDGRWFIM
ESMNFCWHKQSRCAFDWQWFIM
PWMNFCWWKHDRCGWDWAWFIM
EWMNFCGHKHDRCAWDWRWFTM
VMLNFCHHKYDWCAWKWRWFIM
EHMNFCWHKHDRCAKDWRMFCM
EWMHMCIHKHDDCVKDSRWFCT
QEMNFCFHLHDFCAWDWVWFIM
TMMNCCWVKHDDCAFDWRWFIM
EWMNFCVHKVDACTWEWRWFIM
EWMDFCILKHKRCTWDWRWFSM
EWMNFCEHVHDYCAWEWRFFIM
EDMNICWHKRDRCAWDWRWFIM
EWMNFCWHKHDRCAWDWRPFIM
EWMNFCWHKHDFCAPDWRWFIM
EWMAFCWHKHYRCAWDWRWFAM
EWMNFCWEPHDGCAWDNRWFIM
EWSNMCWGLHNRCAWDWRWFCM
EWFNFCWHNMDRCASDWRWFIM
EFMNFCWAKHDRCLWSDRWFIM
EWMPFCWHKGDRCAWDWRMFIM
GWMNFCWPQHDRCYWDWRWFAM
EWMNFCWHKHNRCPNDWRWFPM
EWMNRCWHKHDNCAWDPRLFIM
EWENFCWHKHDRCRWDWRMYIM
EDMNFCAVGGDRCAWDWVWFIM
FHMNFCWNKEERCAWDWPWFIM
EWMNFCWLKHSNCAWDARWFIM
EWMNFCWKTHDRCSWDWRWFNM
DWMNFCWHKHDRCAWDWRWFTM
GWMNICVHKHERCAWDWRWFHM
EWMNFCWHIHDRCEWDGHWFIM
EDMNFCWHDNDVCAWDWRWFWM
EWMNFCWHKHDRCFWDWRWFSM
EWMNYCWHKHTRCKQDWRWFIM
EPMNFCWHSNNRCAWNWWWFYM
EHMDFCFHKHDGCVWDFRMIIM
RWMNLCYKKHERCAWDWRWIIM
EWHNFCWHDNYRCEWDWRWFIM
AWMNFCWIKSDRCAWERRWFIM
AWMNFCYHKHDRCPTHWTWFFM
EWDNFCWHKSDQCAWDWRWFIM
EWMNFCWGAHVQCAWDWRWFIM
EDMHFCWHLHTDCAWDWRWFIM
EHSNFCWFKRDRCAWDWRFFVM
ERFNFCGKQPEHCAWDWRWFIM
YWMNFCWHKHDCCAWDQQWFIM
EWFNFCWRKPDRCAWEWVWFIM
EWDNFCWHKHDRCAWNWRWFIM
EWMKFCWVKHDRCIWDALWFIM
EWMNMCHVKMDRCAWDNKYFVM
EWWSFCWHAHPRCAWDWRWFIM
PWMNFCDHKHDRCQWDVRWFIM
EWENFCWHKHDRCAIDWRWFIM
EWMNFCWMKHDRCAKDWKWFFM
EFMNFCDHKNDRCAADWYWFIM
EWMNFCWIKHDYCAWDWRWFIM
EWMNFCWAKHWGCAWDWYWIIM
EWMNMCWHTHDMCAWDERWFIM
EWYHFCWHKDDECAWDWRWFIM
EWMNFCWHKEDRCARTWRWFIM
PWMNFCYHSEDRCAWDWRWFIM
EPLNFCEHKHDRCAANWRWFIM
EWMNFCWFKRDMCHWDWWWFIM
EWMNHCWHKHDRCAWDWQWFPM
EWMNFCWVGHDRCAWPWRWFTM
EFMNFCFHKHWRCAWDWRWFIM
EWMNFCWGRHDRCAWGPRWIIM
MWMNFCIEKHDVCAWTWFWFCM
EAMNFCNTKHDRCAWDMHWFIM
PWMNFCWHKHDRCDVDPRWFIM
EGMNFCPHKHWRCDWDWRWFIM
TWMNWCIAYYYSCAWDWWWFIM
EQMNCCWHKHDRCAWDWRWFIM
EWMNFCWHKHVRCHWDWRWFDM
EWMNLCWPKHSRCAWDWRWFIM
EWMPFCWHKHDHCAWYWAWFIM
EMHNFCWIKYDRCLWDWRWFIM
EWMRFCWNKADRCYRDWRWFIM
EIMNECWHKHERCAWDWKWFIM
EWMNFCWHGHDRCAWDGRWFIH
EWMTFCWAKHNLCAWDWEWFWM
KWMEFCNHKHQRCSWDWTWWIM
QWMNFCWDKHDRCPWDTHWFIM
EWMNFCWYPFDRCAWDWRWVIM
EPMNFCNHKHDRCAADWRWFIA
EWNNFCWAYHDRCAWDWRWFIM
EWMPFCLHKHDRCDWDQRWFHM
EWMNFCYEYHDRCEWDLRWWIM
EWMNFCWLFTDRCAWDWRWFIM
MIMNFCAHKHDDCAWDWPWFIM
WNMNLCWHKHDRCTWDMRWIIM
EWLKECWQKHDRCAWDWRWWIM
EQSNFCWLKSDTCMWDWRWFIM
YWMNFCVHMHDRCATDWRLFIM
EWMNCCVYKHDRCAWDWWWFIM
EWMNFCWHKHDRCQWKWHWFQM
EPMNFCWHKHDVCAWDERWFIM
EWMNFCWHKHDRCASDERWFIM
EWWNFCAHKHGRCAWDWRWFIM
EPMNFCGHKHDRCALDWNWFIM
EFMRNCWHKHDECAWDVRFFIM
WVMKFCFHKGNGCAWDTRWFIM
EQMNFCWHYAVQCAFEPRWFVM
ENHTVCWHKHDRCIWDWRWFIM
EWMRFCWHKWSRCVWDFRWFIM
EKMNFCWHHHDRCAWDWRWLIM
EWMLFCDHKEDRCAWDWRWFIM
EWHNTCMHKHDSCAPDWRWFIM
EWMNFCWTKHPRCAWDRRWVIM
EHMNFCWHKHMRCARDWHWFLM
EWMNLCAHKADRCMWDWRWFIM
EWMNFCLHKDDRCAWDWGWFIM
DWSNFCWHKHDRCAWGWRMFIM
ETMNFCGLKLDRCWWDWRWFIM
PWMNFCYHKNDYCAWNPGWFIM
EWMNFCWHKYDRCAWDTRWFIM
MWMNFCWYHYERCAWDWRWFIM
RTMNFCHIKIDRCAWAWRWFIM
EYMDFCWHPHDRCQWDRGWFIM
EWMNFCWHKHDRCTSDYNWFIH
EWMNMCWEMMDICAEDWRWFIM
EWMGFCWHVHDRCAWDWNWFIM
SAMNFCRHKHDRCGWQWRWFIM
EWMNFCWWKHDRCYWDWLWFCM
QWMNFCWHKHHRCSWDYRWWIM
EKMNFCWWHHDRCEWDWRWFIM
EWMNFCWHKHDICAWDWEWFIM
EQMNFCMHKIELCFWDWRMWLM
EWMVFCFHHIYGCTWGWRWFCA
EWMNFCWDKHDQCGWGLRWFDM
EWMNFCWHTHWSCAWDWHWFIM
EVMNFCWHKVDMCVWSERWFIM
GWMNFCWDGHDRCAWARRWFIM
EWLNTCWKKHDRCAWEWRWFFM
EWMNFCWMKHGPCAWALRWFGM
EWMNQCLEKHDRCFWDFRWDCM
PWMNFCWEDTDLCAGDWRWFIM
EWMAFCWHDHKRCAYDWSIFIM
EMMNFCWWHHDACAWGWRWFIM
EAMNWCWHANDRCPKDWRIFFM
EWMNFCMLKHDRCAWDDYMFIM
HWMNFCWHKADRCARDWYWFWM
EWMNFCHQHQDECAWDWRWFMM
EWMNRCWHKHTCCAWDERVWIM
NWMNFCWHKHDRCAFSWRWFVM
EVMRFCWHVHDRCAWDWKWFHM
DYMNFCWHKHFRCAWDWRWLIM
EAMQICWHKHDRCAWDWRWFGM
EFHNSCWAPHSRCAWDWRWFIM
EKMNFCWHLPDRCTWPWWWFIM
HWMNFCWHKHGHCASVWRWFVM
EWMNFCGASHDECLYEWRWFIM
EWMNECWFKHDRCGWDWYWFFM
EYMNICWHHHDNCAWDVSWFIM
LWMNFCWHKIPQCAWDWRWFIM
EWMNVCWHNNGRCAMTWYWFIM
EWFNFCWHSRDRCYYDWRVFIM
YWMNFCLHKHDRCAWDWRWYIM
EAMNICWFKSDQCAWDARWFIM
EWLNFCWHWHARCQWDWRWFIM
EVMSFCWHKHDRCSFDIRMFIM
PMMNFCVLGHDRCPWDQRWFIM
EWMNHCWHYPDRCAGDDRWFIM
EKIKFCWHKHDACYWDWRWFRM
EPMNFCWHAHDRCAWDFRWFPM
EWMKFCWLKHDICAWDWHWFIM
ENMNVCEHKHARCANDWRIFIM
EWMNFCWHKHDRCYSRWRWFIM
EIMPFCWHKHDNCAWDWRIFIM
EWMEFCWSKHDRCCWPFRWFIM
HWMNHCWLKDDRCAWNWNWFIM
EWANFCWHAGDRCAWDWRWFLM
EWMNFCFNKDDRCYWHWRWFIM
EWMNGCWHRHDRCAWDWRWIAM
ETMNTCWHKHDRCAWDWRVFIM
YWMNICRHKGDRCGWDWRWFIM
DIMVFCWHKHDRCAWDWRWFIM
EWMPFCYHTHDRCAWDWRWFIM
EMMNFCWHWKDRCWWDWRWFIM
EWMNFCWHKHDRCAWDWRPFIM
EWMNFCWHRHHRCWWDWGWFIM
EWMRYCHHKHDRCAWDWRWFIM
EWMPFCEAVHDRCQNQWRLFAM
HWMNFCWHWHDRCAWDLRWFIM
EWMNFCWHKHARCAWSWRMWLA
YWMSVCVHKEDRCAWDPRWFMM
DRFEFCWHKHHRCAWDWTWFLM
EWMNFCWPKDDRCYWDWRWVIM
DWMNFCWPKHKCCWWTWTFFYM
AWMNGCFHKHPRCAWSWLWFIM
EWMNFCWQHHDRCHVDWRWFIM
EWMNFCPHGEDGCAWDWRWFWM
EFMYFCLHANDRCAWDPRWFIM
EWMNFCWHRHENCAWDIRWFIM
ELMNFCWKKHDLCAWDWRWFSM
EDGNFCWHKTDRCAWDWRWFIM
EFMNFCWHFYDRCMWQWRWFIM
ERMNLCWHMPDVCAWDWRWFWM
EYDNFCWFKHNRCDWDWHWFIM
EQYNFCWAIHDHCQWDWRWFVM
EWMNFCTHDHDRCAWDYRWFQM
ENMNFCWHRHQHCAWDWRWFVM
YWMNICWHPHDRCNGDWRWFIM
EWMNFCWRKLDRCALDWRWFIM
LWMNFCWHKHHICAWDWRWFIM
GDMNFCWAKHDNCSNAWRWFIM
EDMNFCWASHDICALDWRWFIM
EQMNFCWHKGDRCAQEWRWFIM
EWMNFCWHKHDRCAWDWRWFEM
EWFNFCMHDHLRCAWEWRWFIM
EHNNFCVAEHRRCAWDWRWFIM
EWMQFCWYLHDSCLWVWRWFIM
SAMSFCWHTMQRCAWDWRWFIM
EWMNNCWHGHDRCATDWRWFWM
EWDNFCWHKHARCAWDWRWFIM
NPMNFCWHHVKECTATWRWFIM
EWMNWCWHFHDRCAWYWRIFIM
EWMDYCWHKHDRCWWDWRWWIM
EWSNFCWHKHQQCAGDWRMFIM
RWMNFCWHKHNRCAKDWRYFIM
RWMEFCWHIPDSCAWDWFWFIM
ETMNFCWHVPDKCPWELRWFIM
KWMNFCWHKHDDCAWDWQWFIM
EWMNFCWHKHDRCAWDWRWFMM
EWMNFCAHSHRRCKWDWRWFIM
EWMNFCWTVHDRCAWDVHWFIM
EMMDRCWYEHSRCAWDWAWFIM
EFMNFCWQHHQRCAWDWRLFIM
ENINFCWSRHDRCAWDWRWFIM
PWMNFCWHTHDDCAWDIWMFIM
EWMNFCWHKFDRCSNEARWFIM
EMMKFCIIKHERCAEDRRWFIM
AWMNFCTHKHDRCAWDWRWFHM
EIMNFCWHKGDTCKWDGRIFIM
EWMDFCWHMHDQCAWDWRWFIM
ESMNFCRHKHDQCQLDWRWFIM
EWMDFCWVKYNVCAIDWEWFIM
EWMNSCWHSHDRCYWDWRWFIM
EWMAFCWHKLHMCAWDWDWFIM
EWMNFCWLKQDHCAWDNRWFHM
EWMSFCLSQHDRCATDWNWFIM
ESMNFCWHASDRCAGDWDWFIM
EWMNFCWMKHDCCAWDLRWFAM
EWMNFCWEVHDVCEWDWKWFIM
EWMNFCWHGKDRCAKDTRWFSM
EWMNFCWHPHDRCGWDWRWYWM
KWMNFCWHKHDNCAWHWHWFAM
GWMNFCWGVRDRCHWSWRWFVM
EYMNFCQGKDDRCAWDQRWFIM
ETMTFCWHKHTRCIWDWRWVIM
EIMNGCWHKHNRCAQDWRWFIM
EWMNICWHRHDRCHWDWRWFIM
EWMNFCWKKHDMCYWDWRWFHM
DHRGACWHKHDRCAWDWRWFIM
EWMNFCWDKHDRCAWDWRAFIM
QWMKFCYHEHMRCAWDWRWFAM
EWWNFCPHKHDRCAWDWRWFIM
EWENFCVHKHDWCANDWRFFIM
EWMNFCWHKHDQCAWDWQWFIM
EWMGTCWHKIDDCAWDWRWFIM
EHMNFCWHKHQRCAWDWRWFIA
EWMNFCWHKHDRCQWDATWFCM
GYMQFCWAKHDRCAWDTDWFIM
EWMNFCPHKVDRCAPTWRWFIM
QWLEFCWHDHDRCAWNWSWFIM
EWMDFCWHKHDRCINSWGWFIM
EWMNFCWHKHWRCAPDWSWFWM
EWMEFCWHHHDRCPGRVRWFIM
EWMNFCWHIHDKCSWDWYWFIM
EWMNFCWHKHDRCASDIRYFIM
EEMNFCWDKHKRCAWKWRWFRM
EMMNFCWIKHDRCAWDWLWFIM
EWIGFCWHKAARCAWDWLWFIM
EYRNFCWHKHSRCAWDWLWFIM
EWMNFCWHMHTGCAWDWRWFIM
EWGRFCWMKHDRCFWDWRWFIM
EWMNMCWPKHDSCAKDWRWFHM
RWMSFCWHKHDICANDWNWFIM
VWMNFCTHTQDRCSWDWSWFIM
LVMTFCFHADDRCAWDWRWFIM
EWMNFCHLKRYRCAWDWRWFIM
EWMTFCWHKVDVCAGDWRWFPM
EIMVFCYHKHDRCAWDWRWFIM
EWMNFCWHAHTRCAWSWMWFIM
EIMVFCWHHADRCAWDWRWFWM
EWMRFCWHKHVHCEWDIRWFIM
EWMNFCWHLDDRCAWDWRWFIM
EWMNFCWHKLDRCQTHPSWFIM
ELMEFCWHEHDPCIWRWRWFIM
LQMNFCWHSKQRCAWDWRWFIM
SWMHFCWHKYDRCAWDWNWFLM
HSMNFCWIKHDRCAWDWRWFLM
EWMNPCWHPHDRCAWHWRWFIM
EWMNFCIEKTDRCAWDWDWWIM
EDMNNCWHEMDRCAPTWRWFIM
EMMNFCDHSWDRCEWDWRWFIM
PPVNFCWHTHDRCAWGIIWFIM
EDMNFCSHKHDRCADDWRWFIM
EWMNFCWMKHPRCAWEWMMFIM
EYMNFCWHKADGCAWDKRIFHM
SWMNFCWHKHVRCAWDWLWFIM
EWMNFCNHNHNRCAWHTRWFIM
EWMYFCWHKMEYCAWDWRWFIM
QWMNFCWIKHDRCAWDWRWFDM
TWTNFCWHKHDRCAWDWGLFIM
GWHNFCVHKHDRCAWKWRWFIM
SWMNFCWFEHPDCAYDPRWFIM
EWMNFCEVKHDRCAWDWRWFIM
EWMSHCWHIHDRCKNDWHWFIM
EWMNFCWHHKDICAWDWRWWIM
EWMNFCYHKHDRCAWHIRWFHM
AWMNFCWHKHDRCAWDWRWFHM
EQMQFCRHKHDRCGIPWRWFIM
EWMNFCNHKHDRCAWHWRWFDM
EMMNFCWHKLVDCIWDWRWFIM
EWMVFCVHKHWRCTWDWRWFCM
EWMNFCWHKHDRCAWSWRWFIH
TWINFCLHWHDRCRWDWRWFIM
EWLNVCAAKFDRCAWDWRWFIM
EWVGFCWHNHDKCGKDNRWFIM
HWMNLCWMKHDRCAWSIRMFIM
EWMKYCGWKYGRCAWDWRWFCM
EWMNFCWEKHDRCDWDTRWIIM
EWMNFCWHKLDPCAWDWMWFIM
EWMEWCWHKFRTCASDWRVFIM
EIMNFCWHNHDRCAWDWRWIIM
WWMNFCWHKHDRCAWDWRWFIM
EWANTCWLQHDRCAWRWRWFIM
QWTNFCWHKHDRCAWDWRWFIM
EWMNFCWHKHDRCALEWRWFRM
QMMNFCLHPHDRCAWDPRWFTM
EIMRFCHFRHDRCQWDWRWFIM
WPMNFCWHKHDFCAVDWWWFIM
EWMRFCYLEHQRCPWDWRWFCM
QWMDFCWREHIRCAWQWRWFIM
EVMNFCWDKHKRCAETWRWFIM
ENMNFCMHPIDVCAWDWRWYIM
EWMNFCPHKHDTCAQDWYWFIM
EWMNFCMHKKVCCDWDWRWFIM
QWMRLCPMSEDRCAWDWTWFIM
AWMNFCWHKHYRCAWDIQWFIM
EWMNLCWHSHDRCALDWRWIMM
ENVNFCLFHHDRCAWDWRWFIM
EWMNHCSHKHDRCMWDWRMFIM
ENGNFCWHKHDHCAWGWRWFVM
EWGNFCWHKIDRCAWHWRLFFM
EWVNFCWGKEDRCCWDKRWFIM
EWMNFCWHGHDHCAWDWRWFIM
EWMNFCHHKHWECTWDWRWFIM
EWMNFCWHKHDRCAWNWRWFLM
EWMNSCWHDHDRCAWDWRWFIM
EIMNFCWDWHQRCAWDWAWFIM
EWMNFCWHKHEKCDWDWIWFIM
EWMNFCCHKHDRCDLDWRWFIM
EKMNFCWHNHQRCALDWRWFIM
EWMNFCWHKHNRCDWDARWFIM
EWMHFCPHKHDECAWAQRWFIM
EWMNHCWHKHICCAWDWRWFIM
EWMNFCWKPPDACAWDMRWFWM
EWMNFCWHKAVRCLWDWRWFMM
ETMNFCWKEHSECAVDWRWFIM
EWVNFCWGKHDDCAWDWRYFIM
EIMGFCHHKHDRCHWDPRWFNM
EWMNSCWHGHDRCAWDWRWFIM
EWLNFCWHKIDRCMWDWRWFIM
EMMKFCGHKSLRCAWDWRWFIM
QYHPHCWHRERRCSTDPYWFIM
EIMEFCGHKHDNCAWAWRWFIM
EWFAFCWQKVDMCDWHWRWFIM
EKMDICWHKRERCAWDWPWFIM
EWMNCCWHKHRRCAWNKRWFIM
ESANFCWDKFDSCAWDWRWFIM
EWMQFCRVAWDRCDWHWRWFSM
EWLNFCWWKHDRCAWPARWFIM
EFMNFCWHKHDRCLYDWNLFIM
EWMEFCWRKWVRCARDWRWFIM
EWMNMCWHWHDYCAWDWRWFYM
EDSNFCWPDHDRCAWDWRWFIM
EWMAFCRHHHPRCAWDIRWFIM
PWMNFCWFVHDRCVWDWRWFCM
EWMNFCWTKHDRCARDWRWFVM
EWTTFCWHSHDHCLWDWWWFIM
ELMNFCWHGHDRCAIDWRWFIM
YWMNFCWQKMLRCAWDWRWFIM
ESMNFCGNKTDRCAWDARWFIM
EWMNVCVHKHKRCAWDLRWLIM
EWVNFCLHKHDRCIWDWRWFIM
EQANFCWRKFDRCAKDNRWFFM
PIMNFCWHWHVRCAWDWRWFIM
EWMNFCWHKSDRCFWAGQWFIM
EWMNICEHKQDRCAEDWRWFCM
EWMNFCWTRHDRCAWDWRWFIM
EWMNFCPHKADRCAWDMRWFIM
ERMNFCWHDHDRCAWDWRWLIM
EIFNFCWHKHDFCAWQFRWFLM
EKMNFCWHKIDICAWDLRWFIM
ERMNFCWRKTDRCAPNWRWFIM
EWVNFCWHKHTRCAWDWRWFIM
YPMGVCWHKHDRCAWDWGWFFM
EHMNHCWAEGDRCAWDQHWLIM
NPMNFCWTRHRRCYWDLRWFIM
EWMNFCWGKHDRCPEDWVWFWM
HWMEFCGHKVDRCAWYWRFFIM
EWFNFCTHKHIRCAWDWRWFIM
EWMNFCWHKHGRCAWSWYWFCM
EWMNFCWDKHDRCAWTWRWFMM
EWMKFCWLKHDRCIWDLRWFHM
EWMNFCCHKHDRCKWNWRWFIM
EWMNFCWHKKVSCAWDWRWFIM
EWMNFCAHKHDQCNWRGRWFIM
EWMNFCDHKQDNCAWDWRWFIM
EWMNFCWIAHHRCAWDWVWFFM
ERLNFCGHKHDRCAWDWRWVIM
NRMNFCAHKHDRCAIDWMWFIM
EWHNFCWHKPDRCWWDWYWFTM
ETMNFCTHPYDKCARDTRWFIM
LWMNFCFHKHDRCAWDWRWFIM
EWMNFCWHRHVVCKIDPYWFIM
EWMNFCCHKMDRCAWGWRLIIM
GWMNACWHKTDNCCWDWRWFIM
ESMDFCWGKHDMCAWDWRWFGM
ESMRFCWTKHGRCTWKWRWFIM
EQQNFCWAKHDRCAWAWRWFIM
EWMNFCFHKHDRCAWDPRWFNM
GWMNFCWYKVDRCAWDWRWFIM
EWMNFCWVKHDRCIWRWQWWIM
EWMNFCWHKHLRCAWDLRWFMM
GWMSFCWHKDDRCAWDWAWFSM
EWMNVCWHKHDGCAWDWRWWYM
EWNDTCWHKHDDCAWDWRFFIM
NWMNFCIEKHGRCAWDVDWWLM
EWMNFCSHYPHSCHWDWRWFLM
EWMNFCGSKVDRCAWNWRYFIM
EQMNFCQHKMDRCEGDLRWFIM
ERPNFCWHKHDRCAWGWRWFIM
NEMNFCWHYHGRCYWGWNWFIM
EIMNFCEAKHKRCAWQWRWYIM
EWMNFCHDQHNRCAFDWRWFIM
PWMNFCWHKFDDCAKGLRWFIM
YWINFCDAKHDSCAWDWPWFIM
AWMNFCWHGVDRCAWDWRWFIM
EGMNFCQHKHWPCTWDWRLFIM
SWMNLCWHKHDRCAWDIRWFAM
EWMTFCWHGHDTCAWANPWFIM
EWMRFCWHGHDRCNWDWRWFIM
EWMNFCWHKHDRCNWDNRWFDM
EGMQFCWHKTACCAWDWRFFIM
EWMNFCWHKHDACRWDKGWFIM
ELMGFCYAKIAFCAFDWRWWIM
EGMNFCWHEHDWCRWSWRWFSM
EWMNSCWHKHDRCAWDWRWFIM
EWMNFCWHKHDRCAGGWRWFMM
